   8.0000000000000000     
   6.0000000000000000     
   7.0000000000000000     
   10.000000000000000     
   16.000000000000000     
   12.000000000000000     
   18.000000000000000     
   28.000000000000000     
   22.000000000000000     
   33.000000000000000     
   35.000000000000000     
   37.000000000000000     
   49.000000000000000     
   51.000000000000000     
   69.000000000000000     
   76.000000000000000     
   83.000000000000000     
   85.000000000000000     
   103.00000000000000     
   138.00000000000000     
   139.00000000000000     
   179.00000000000000     
   207.00000000000000     
   220.00000000000000     
   221.00000000000000     
   284.00000000000000     
   311.00000000000000     
   353.00000000000000     
   364.00000000000000     
   376.00000000000000     
   423.00000000000000     
   428.00000000000000     
   426.00000000000000     
   463.00000000000000     
   448.00000000000000     
   484.00000000000000     
   478.00000000000000     
   472.00000000000000     
   463.00000000000000     
   453.00000000000000     
   474.00000000000000     
   469.00000000000000     
   477.00000000000000     
   482.00000000000000     
   511.00000000000000     
   515.00000000000000     
   500.00000000000000     
   482.00000000000000     
   501.00000000000000     
   462.00000000000000     
   485.00000000000000     
   476.00000000000000     
   518.00000000000000     
   509.00000000000000     
   498.00000000000000     
   491.00000000000000     
   461.00000000000000     
   524.00000000000000     
   479.00000000000000     
   494.00000000000000     
   503.00000000000000     
   497.00000000000000     
   457.00000000000000     
   469.00000000000000     
   490.00000000000000     
   467.00000000000000     
   472.00000000000000     
   495.00000000000000     
   510.00000000000000     
   519.00000000000000     
   510.00000000000000     
   525.00000000000000     
   507.00000000000000     
   491.00000000000000     
   505.00000000000000     
   563.00000000000000     
   613.00000000000000     
   543.00000000000000     
   607.00000000000000     
   670.00000000000000     
   725.00000000000000     
   781.00000000000000     
   906.00000000000000     
   1030.0000000000000     
   1112.0000000000000     
   1312.0000000000000     
   1563.0000000000000     
   1782.0000000000000     
   2076.0000000000000     
   2429.0000000000000     
   2749.0000000000000     
   2927.0000000000000     
   2966.0000000000000     
   2673.0000000000000     
   1958.0000000000000     
   1200.0000000000000     
   488.00000000000000     
   153.00000000000000     
   26.000000000000000     
   1.0000000000000000     
