   6.6371296701897620E-012
   1.5447427757176621E-011
   2.0505316300989191E-011
   2.7219288752347159E-011
   3.6131589940307838E-011
   4.7962009716436106E-011
   6.3666015800574327E-011
   8.4511920828245476E-011
   1.1218331589103773E-010
   1.4891504347517044E-010
   1.9767369146719532E-010
   2.6239718557905896E-010
   3.4831283054800204E-010
   4.6235948627508229E-010
   6.1374797538242426E-010
   8.1470498274131661E-010
   1.0814605270020681E-009
   1.4355587559171079E-009
   1.9055979300540188E-009
   2.5295401223102870E-009
   3.3577771729612271E-009
   4.4572005179194626E-009
   5.9166035843352634E-009
   7.8538530706509750E-009
   1.0425408289763599E-008
   1.3838957392064210E-008
   1.8370191015675906E-008
   2.4385068064877094E-008
   3.2369371881940114E-008
   4.2967943876297674E-008
   5.7036763261592458E-008
   7.5712079049551406E-008
   1.0050217765189286E-007
   1.3340919757548885E-007
   1.7709082940851726E-007
   2.3507496057647002E-007
   3.1204460035902396E-007
   4.1421609674820245E-007
   5.4984119131659395E-007
   7.2987345987240154E-007
   9.6885296307197863E-007
   1.2860805545901827E-006
   1.7071766882464638E-006
   2.2661506190184697E-006
   3.0081471141412390E-006
   3.9930925086681145E-006
   5.3005345741986146E-006
   7.0360670861707929E-006
   9.3398579611341815E-006
   1.2397969727380190E-005
   1.6457386611302375E-005
   2.1845961881623907E-005
   2.8998896471545986E-005
   3.8493887388625769E-005
   5.1097784625774985E-005
   6.7828524755168899E-005
   9.0037343187317925E-005
   1.1951790485629113E-004
   1.5865116712206003E-004
   2.1059767454471842E-004
   2.7955281595578121E-004
   3.7108565931582823E-004
   4.9258872989369048E-004
   6.5387505748845589E-004
   8.6797071239897241E-004
   1.1521668382276234E-003
   1.5294161475131046E-003
   2.0301866662575364E-003
   2.6949224424966832E-003
   3.5773099546852218E-003
   4.7486140269158168E-003
   6.3034334352517355E-003
   8.3673410488693430E-003
   1.1107025551590963E-002
   1.4743753826117159E-002
   1.9571241272062008E-002
   2.5979373329657461E-002
   3.4485694045639295E-002
   4.5777204812396513E-002
   6.0765849098550394E-002
   8.0662164319562552E-002
  0.10707304924126082     
  0.14213154296730210     
  0.18866909693351097     
  0.25044425322178843     
  0.33244619808575909     
  0.44129770677469315     
  0.58579002294490445     
  0.77759287146486200     
   1.0321969478299540     
   1.3701650030592085     
   1.8187925662395186     
   2.4143124307088915     
   3.2048209461990256     
   4.2541624549314330     
   5.6470855928511821     
   7.4960878976356264     
   9.9505015189097961     
   13.208553825663692     
   17.533376969382086     
