   36795.329070278334     
   42530.622148104405     
   48975.429693553277     
   56454.235034267789     
   65009.620505914056     
   74981.473236796504     
   86385.917917433020     
   99508.301256131614     
   114477.75264672548     
   131826.43177622574     
   151696.58165434765     
   174855.17230298469     
   201210.76682906531     
   231303.10238441604     
   266038.99275596760     
   305570.64788682904     
   351355.45097361028     
   402695.51504537760     
   461845.79677403980     
   527852.60041498824     
   601638.24165788060     
   685102.15745833621     
   776202.49014017254     
   874943.29824635584     
   979058.40906721225     
   1090039.3484100245     
   1205907.5971672118     
   1315841.4464640375     
   1423654.6886459484     
   1523262.9181474496     
   1614833.9192784587     
   1690833.6987044697     
   1754078.1337656432     
   1808286.9446945153     
   1849363.5849202189     
   1883037.8013609250     
   1910542.3535419628     
   1931793.4255010928     
   1948201.5526926380     
   1962478.7907916792     
   1972658.4339174835     
   1980662.5076702521     
   1984620.3950540454     
   1986223.7695966824     
   1992117.1826319415     
   1993669.5056201944     
   1995493.7509791970     
   1995019.1106782090     
   1995440.9452187624     
   1996816.4073316792     
   1996947.5819628481     
   1996972.4207302111     
   1998173.0067733985     
   1995443.5752910059     
   1998725.8370013968     
   1998602.5517861720     
   1997763.6409263704     
   1999638.1901089959     
   1997233.7930274373     
   1999439.8348862426     
   1999351.4394105519     
   2002921.6195199890     
   2001656.1957179313     
   2004393.1958448750     
   2003578.9750231069     
   2008525.6387814141     
   2013428.2340573904     
   2017668.6702720171     
   2023482.6802713189     
   2033602.1256256721     
   2044825.7206497325     
   2060832.6346008249     
   2080552.2407292936     
   2114687.8445254988     
   2158625.5888231858     
   2219468.4768788763     
   2293475.2365296800     
   2401148.7176660853     
   2540188.7022486068     
   2721493.1626556949     
   2952779.8957761540     
   3245217.6260317774     
   3625435.8131096740     
   4105835.2327714609     
   4674538.7814201526     
   5441205.4461342655     
   6353268.4908460807     
   7419435.7794160387     
   8647264.7556337565     
   9953649.4850383569     
   11207014.896370279     
   12087016.858643895     
   12129350.284554902     
   10942426.775843220     
   8337028.3314288706     
   5002521.1891385699     
   2151640.0094264904     
   578715.80732293567     
   83472.879426547428     
   5451.8233557864005     
