   0.0000000000000000     
   9942852.0000000000     
   9942858.0000000000     
   9942865.0000000000     
   9942875.0000000000     
   9942891.0000000000     
   9942903.0000000000     
   9942921.0000000000     
   9942949.0000000000     
   9942971.0000000000     
   9943004.0000000000     
   9943039.0000000000     
   9943076.0000000000     
   9943125.0000000000     
   9943176.0000000000     
   9943245.0000000000     
   9943321.0000000000     
   9943404.0000000000     
   9943489.0000000000     
   9943592.0000000000     
   9943730.0000000000     
   9943869.0000000000     
   9944048.0000000000     
   9944255.0000000000     
   9944475.0000000000     
   9944696.0000000000     
   9944980.0000000000     
   9945291.0000000000     
   9945644.0000000000     
   9946008.0000000000     
   9946384.0000000000     
   9946807.0000000000     
   9947235.0000000000     
   9947661.0000000000     
   9948124.0000000000     
   9948572.0000000000     
   9949056.0000000000     
   9949534.0000000000     
   9950006.0000000000     
   9950469.0000000000     
   9950922.0000000000     
   9951396.0000000000     
   9951865.0000000000     
   9952342.0000000000     
   9952824.0000000000     
   9953335.0000000000     
   9953850.0000000000     
   9954350.0000000000     
   9954832.0000000000     
   9955333.0000000000     
   9955795.0000000000     
   9956279.0000000000     
   9956755.0000000000     
   9957271.0000000000     
   9957779.0000000000     
   9958277.0000000000     
   9958766.0000000000     
   9959227.0000000000     
   9959750.0000000000     
   9960229.0000000000     
   9960716.0000000000     
   9961209.0000000000     
   9961693.0000000000     
   9962136.0000000000     
   9962584.0000000000     
   9963015.0000000000     
   9963408.0000000000     
   9963758.0000000000     
   9964100.0000000000     
   9964366.0000000000     
   9964498.0000000000     
   9964413.0000000000     
   9964003.0000000000     
   9963069.0000000000     
   9961432.0000000000     
   9958550.0000000000     
   9954203.0000000000     
   9947160.0000000000     
   9936200.0000000000     
   9919307.0000000000     
   9892979.0000000000     
   9853395.0000000000     
   9793648.0000000000     
   9703971.0000000000     
   9570693.0000000000     
   9373937.0000000000     
   9088656.0000000000     
   8682650.0000000000     
   8117952.0000000000     
   7358202.0000000000     
   6380442.0000000000     
   5196224.0000000000     
   3874430.0000000000     
   2554679.0000000000     
   1416409.0000000000     
   618874.00000000000     
   195652.00000000000     
   39325.000000000000     
   4285.0000000000000     
   217.00000000000000     
