   1878024.5134228773     
   1878025.5202983336     
   1877442.0289767981     
   1877337.7972232623     
   1878143.3159393771     
   1879978.8053137632     
   1881035.3882126343     
   1881415.4445761144     
   1878911.1895296217     
   1878243.2687812811     
   1876622.4844774266     
   1879763.4934831052     
   1879625.1781318774     
   1877443.3541646136     
   1878318.3037968376     
   1876797.4208873007     
   1879599.5820186005     
   1878284.8643739503     
   1881082.2486769380     
   1879470.3667553356     
   1878414.5680222304     
   1881230.0882237351     
   1880689.3715042842     
   1879857.5920206090     
   1876917.3016824622     
   1878065.3026629908     
   1882442.7383919698     
   1878706.7486565644     
   1878846.0145977822     
   1879351.0201562378     
   1881062.7652787897     
   1881025.0340609730     
   1879400.6435709563     
   1881456.5615293309     
   1879923.9013486332     
   1879840.6770483018     
   1880550.0789435718     
   1879716.5087954607     
   1880677.2578727480     
   1880828.5004235762     
   1881847.6259902974     
   1881926.5420306097     
   1880618.3669056089     
   1879045.3038055750     
   1881489.9637516725     
   1881719.4992931844     
   1882548.1950673431     
   1880157.2353877560     
   1880490.0214064051     
   1881327.2843095460     
   1881644.6204873023     
   1881930.9531065384     
   1883075.3585012495     
   1880354.9731441725     
   1883418.7999618750     
   1883262.8547969584     
   1881893.2467398332     
   1883240.7429688396     
   1880283.8334607522     
   1882487.6926454536     
   1881902.7031949160     
   1884127.8910656511     
   1882400.3088182164     
   1883781.9494556896     
   1880123.0798877743     
   1882378.8412261452     
   1883886.0052932452     
   1882786.2504037349     
   1882196.7473284453     
   1883416.6992011114     
   1883795.9190343460     
   1883858.8856855622     
   1882696.1449833261     
   1884749.8770959352     
   1882724.0640676252     
   1884205.0209715529     
   1884169.8078687047     
   1887004.2717053336     
   1886820.5457144959     
   1890065.2796076273     
   1892762.8648205574     
   1896983.3111741215     
   1904991.9642956986     
   1911615.2314719900     
   1921989.6531216174     
   1937249.3952683969     
   1953191.2843227945     
   1966652.2444175510     
   1971080.2855611015     
   1952675.2287421292     
   1887480.4164400294     
   1741888.6344029196     
   1486963.7857528722     
   1130512.0396270826     
   717682.50031722547     
   354293.66391752829     
   123141.74137079780     
   26451.408298602375     
   2987.4369295649944     
   153.33464329132127     
