   12500199.586189076     
   2481160326.5723171     
   2481146508.7306228     
   2481129419.6623530     
   2481107985.0128188     
   2481078634.9923754     
   2481041347.3359160     
   2480994366.7274222     
   2480932971.5365973     
   2480857679.5788298     
   2480761764.2087736     
   2480636816.3975105     
   2480475954.9559264     
   2480275158.2613034     
   2480012190.5537586     
   2479683958.2523255     
   2479263284.2244754     
   2478728249.6710844     
   2478051185.7156858     
   2477224047.0325980     
   2476179029.6937232     
   2474890336.7216125     
   2473291267.9392056     
   2471346955.5858388     
   2469013520.8948894     
   2466199913.8597679     
   2462915104.7294636     
   2459047829.5363898     
   2454553452.4016032     
   2449497886.2505369     
   2443892969.8786306     
   2437765895.1957626     
   2431134591.1470089     
   2424132700.8446755     
   2416771023.7889557     
   2409238905.3175745     
   2401439880.6448774     
   2393473797.6729436     
   2385329207.7499428     
   2377132839.6589589     
   2368801435.3004088     
   2360394612.4217558     
   2351936837.9425888     
   2343425225.8284388     
   2334938417.9396791     
   2326432766.8897791     
   2317917911.0395441     
   2309377861.0483227     
   2300868346.6760073     
   2292287499.4663858     
   2283653706.3455963     
   2275044005.9914660     
   2266347869.3625064     
   2257627776.9906907     
   2248862522.7398391     
   2240081658.8378253     
   2231218856.4946995     
   2222313912.0368090     
   2213338772.4030786     
   2204314844.0361857     
   2195144359.3089380     
   2185954835.0950274     
   2176637002.9206996     
   2167217983.9159627     
   2157653000.9395900     
   2147924205.7444649     
   2137973279.0442176     
   2127775734.6291811     
   2117299789.4964716     
   2106537809.7687695     
   2095417405.3929543     
   2083843373.1124740     
   2071740184.4219232     
   2059009550.9847348     
   2045556480.3471837     
   2031149499.3502219     
   2015533304.3278997     
   1998478439.0785141     
   1979533089.6285996     
   1958303098.4001901     
   1933975561.0430586     
   1905756483.9144583     
   1872781747.3501718     
   1833321410.3152349     
   1785621383.0180640     
   1727920129.0314331     
   1656662959.8527861     
   1568999464.4575555     
   1461752725.0585630     
   1332003699.2352250     
   1177466885.0940881     
   997384698.46776783     
   794955596.13149893     
   581973095.62902045     
   375182558.87949914     
   200955876.02783662     
   82788969.318754420     
   23073872.561096441     
   3667963.9229136799     
   246659.57249696698     
