   2814429.0000000000     
   2815241.0000000000     
   2814012.0000000000     
   2815448.0000000000     
   2814494.0000000000     
   2817971.0000000000     
   2818367.0000000000     
   2818597.0000000000     
   2815521.0000000000     
   2815260.0000000000     
   2813520.0000000000     
   2817240.0000000000     
   2816785.0000000000     
   2814513.0000000000     
   2815013.0000000000     
   2813526.0000000000     
   2817263.0000000000     
   2814880.0000000000     
   2818435.0000000000     
   2817320.0000000000     
   2814974.0000000000     
   2818428.0000000000     
   2818490.0000000000     
   2817698.0000000000     
   2813039.0000000000     
   2814135.0000000000     
   2820908.0000000000     
   2815907.0000000000     
   2816123.0000000000     
   2815918.0000000000     
   2820218.0000000000     
   2818610.0000000000     
   2816744.0000000000     
   2819151.0000000000     
   2817150.0000000000     
   2817026.0000000000     
   2818175.0000000000     
   2818303.0000000000     
   2817825.0000000000     
   2819320.0000000000     
   2819339.0000000000     
   2820506.0000000000     
   2819031.0000000000     
   2816131.0000000000     
   2820347.0000000000     
   2820172.0000000000     
   2820233.0000000000     
   2817651.0000000000     
   2818171.0000000000     
   2820112.0000000000     
   2820220.0000000000     
   2820192.0000000000     
   2821750.0000000000     
   2817777.0000000000     
   2822255.0000000000     
   2821864.0000000000     
   2820412.0000000000     
   2822601.0000000000     
   2818728.0000000000     
   2821131.0000000000     
   2820074.0000000000     
   2823888.0000000000     
   2820515.0000000000     
   2822195.0000000000     
   2818153.0000000000     
   2821310.0000000000     
   2823108.0000000000     
   2822259.0000000000     
   2821368.0000000000     
   2823447.0000000000     
   2822996.0000000000     
   2823614.0000000000     
   2821656.0000000000     
   2824437.0000000000     
   2822322.0000000000     
   2823987.0000000000     
   2824620.0000000000     
   2827957.0000000000     
   2828051.0000000000     
   2832908.0000000000     
   2836324.0000000000     
   2843232.0000000000     
   2854641.0000000000     
   2864964.0000000000     
   2880889.0000000000     
   2903234.0000000000     
   2927463.0000000000     
   2946316.0000000000     
   2954491.0000000000     
   2927072.0000000000     
   2829283.0000000000     
   2610245.0000000000     
   2227969.0000000000     
   1694336.0000000000     
   1075868.0000000000     
   530816.00000000000     
   184907.00000000000     
   39686.000000000000     
   4491.0000000000000     
   227.00000000000000     
