   57156.000000000000     
   10000000.000000000     
   10000000.000000000     
   10000000.000000000     
   10000000.000000000     
   10000000.000000000     
   10000000.000000000     
   10000000.000000000     
   10000000.000000000     
   10000000.000000000     
   10000000.000000000     
   10000000.000000000     
   10000000.000000000     
   10000000.000000000     
   10000000.000000000     
   10000000.000000000     
   10000000.000000000     
   10000000.000000000     
   10000000.000000000     
   10000000.000000000     
   10000000.000000000     
   10000000.000000000     
   10000000.000000000     
   10000000.000000000     
   10000000.000000000     
   10000000.000000000     
   10000000.000000000     
   10000000.000000000     
   10000000.000000000     
   10000000.000000000     
   10000000.000000000     
   10000000.000000000     
   10000000.000000000     
   10000000.000000000     
   10000000.000000000     
   10000000.000000000     
   10000000.000000000     
   10000000.000000000     
   10000000.000000000     
   10000000.000000000     
   10000000.000000000     
   10000000.000000000     
   10000000.000000000     
   10000000.000000000     
   10000000.000000000     
   10000000.000000000     
   10000000.000000000     
   10000000.000000000     
   10000000.000000000     
   10000000.000000000     
   10000000.000000000     
   9999999.0000000000     
   9999999.0000000000     
   9999997.0000000000     
   9999996.0000000000     
   9999996.0000000000     
   9999994.0000000000     
   9999994.0000000000     
   9999993.0000000000     
   9999993.0000000000     
   9999986.0000000000     
   9999976.0000000000     
   9999963.0000000000     
   9999949.0000000000     
   9999928.0000000000     
   9999869.0000000000     
   9999795.0000000000     
   9999673.0000000000     
   9999520.0000000000     
   9999276.0000000000     
   9998889.0000000000     
   9998294.0000000000     
   9997359.0000000000     
   9995918.0000000000     
   9993790.0000000000     
   9990403.0000000000     
   9985493.0000000000     
   9977837.0000000000     
   9966334.0000000000     
   9948834.0000000000     
   9921836.0000000000     
   9881527.0000000000     
   9820999.0000000000     
   9730416.0000000000     
   9596108.0000000000     
   9398240.0000000000     
   9111647.0000000000     
   8704078.0000000000     
   8137598.0000000000     
   7375772.0000000000     
   6395583.0000000000     
   5208616.0000000000     
   3883895.0000000000     
   2561178.0000000000     
   1420235.0000000000     
   620742.00000000000     
   196320.00000000000     
   39505.000000000000     
   4312.0000000000000     
   218.00000000000000     
