   265669919.00000000     
   252912638.00000000     
   250097391.00000000     
   247283372.00000000     
   244467914.00000000     
   241653404.00000000     
   238835421.00000000     
   236017036.00000000     
   233198411.00000000     
   230382868.00000000     
   227567575.00000000     
   224754020.00000000     
   221936743.00000000     
   219119909.00000000     
   216305345.00000000     
   213490263.00000000     
   210676661.00000000     
   207859315.00000000     
   205044350.00000000     
   202225812.00000000     
   199408354.00000000     
   196593241.00000000     
   193774634.00000000     
   190955937.00000000     
   188138019.00000000     
   185324759.00000000     
   182510340.00000000     
   179689121.00000000     
   176872861.00000000     
   174056374.00000000     
   171240080.00000000     
   168419439.00000000     
   165600401.00000000     
   162783231.00000000     
   159963617.00000000     
   157146019.00000000     
   154328509.00000000     
   151509856.00000000     
   148691081.00000000     
   145872793.00000000     
   143053020.00000000     
   140233207.00000000     
   137412232.00000000     
   134592724.00000000     
   131776111.00000000     
   128955253.00000000     
   126134566.00000000     
   123313833.00000000     
   120495700.00000000     
   117677028.00000000     
   114856454.00000000     
   112035750.00000000     
   109215082.00000000     
   106392816.00000000     
   103574531.00000000     
   100751778.00000000     
   97929425.000000000     
   95108552.000000000     
   92285428.000000000     
   89466221.000000000     
   86644603.000000000     
   83824036.000000000     
   80999664.000000000     
   78178706.000000000     
   75356063.000000000     
   72537479.000000000     
   69715776.000000000     
   66892318.000000000     
   64069717.000000000     
   61248083.000000000     
   58424504.000000000     
   55601593.000000000     
   52778389.000000000     
   49957667.000000000     
   47134867.000000000     
   44315427.000000000     
   41495787.000000000     
   38678210.000000000     
   35861213.000000000     
   33050055.000000000     
   30243475.000000000     
   27446735.000000000     
   24663250.000000000     
   21898286.000000000     
   19166600.000000000     
   16482467.000000000     
   13864514.000000000     
   11343057.000000000     
   8961439.0000000000     
   6766698.0000000000     
   4817386.0000000000     
   3172321.0000000000     
   1883870.0000000000     
   975652.00000000000     
   419586.00000000000     
   141253.00000000000     
   33659.000000000000     
   5079.0000000000000     
   433.00000000000000     
   10.000000000000000     
